<?xml version="1.0" encoding="UTF-8"?>
<!-- Generated by org.testng.reporters.JUnitReportReporter -->
<testsuite skipped="0" hostname="slim" name="com.smartgraphe.com.bookPostTest" tests="1" failures="0" timestamp="04 Jun 2020 11:55:24 GMT" time="1.146" errors="0">
  <testcase name="createNewBook" time="1.146" classname="com.smartgraphe.com.bookPostTest"/>
</testsuite> <!-- com.smartgraphe.com.bookPostTest -->
