<?xml version="1.0" encoding="UTF-8"?>
<!-- Generated by org.testng.reporters.JUnitReportReporter -->
<testsuite skipped="0" hostname="slim" name="com.smartgraphe.com.bookGetTest" tests="1" failures="0" timestamp="04 Jun 2020 11:29:10 GMT" time="0.862" errors="0">
  <testcase name="getAllLivresTest" time="0.862" classname="com.smartgraphe.com.bookGetTest"/>
</testsuite> <!-- com.smartgraphe.com.bookGetTest -->
