<?xml version="1.0" encoding="UTF-8"?>
<!-- Generated by org.testng.reporters.JUnitReportReporter -->
<testsuite skipped="0" hostname="slim" name="com.smartgraphe.com.bookGetByTest" tests="1" failures="0" timestamp="04 Jun 2020 11:15:36 GMT" time="0.020" errors="0">
  <testcase name="getLivreTest" time="0.020" classname="com.smartgraphe.com.bookGetByTest"/>
</testsuite> <!-- com.smartgraphe.com.bookGetByTest -->
